<?xml version="1.0" encoding="UTF-8"?>
<!-- Generated by org.testng.reporters.JUnitXMLReporter -->
<testsuite hostname="LAPTOP-4THI6M5U" ignored="0" name="Test" tests="2" failures="1" timestamp="31 七月 2018 14:21:13 GMT" time="0.048" errors="0">
  <testcase name="test1" time="0.012" classname="com.selenium.testng.TestListen"/>
  <testcase name="test2" time="0.004" classname="com.selenium.testng.TestListen">
    <failure type="java.lang.AssertionError" message="null">
      <![CDATA[java.lang.AssertionError: null
at com.selenium.testng.TestListen.test2(TestListen.java:14)
... Removed 27 stack frames]]>
    </failure>
  </testcase> <!-- test2 -->
</testsuite> <!-- Test -->
